\BOOKMARK [1][-]{section.1}{\376\377\143\247\122\066\145\271\172\013}{}% 1
\BOOKMARK [1][-]{section.2}{\376\377\145\160\120\074\171\273\145\143}{}% 2
\BOOKMARK [2][-]{subsection.2.1}{\376\377\172\172\225\364\000-\145\366\225\364\171\273\145\143}{section.2}% 3
\BOOKMARK [2][-]{subsection.2.2}{\376\377\226\220\137\017\124\021\124\016\135\356\122\006\150\074\137\017}{section.2}% 4
\BOOKMARK [2][-]{subsection.2.3}{\376\377\121\150\171\273\145\143\145\271\172\013}{section.2}% 5
\BOOKMARK [1][-]{section.3}{\376\377\167\351\226\065\174\373\176\337\143\250\133\374}{}% 6
\BOOKMARK [2][-]{subsection.3.1}{\376\377\145\271\172\013\221\315\143\222}{section.3}% 7
\BOOKMARK [2][-]{subsection.3.2}{\376\377\202\202\160\271\143\222\136\217\116\016\175\042\137\025\146\040\134\004}{section.3}% 8
\BOOKMARK [2][-]{subsection.3.3}{\376\377\167\351\226\065\121\103\175\040\122\006\147\220}{section.3}% 9
\BOOKMARK [2][-]{subsection.3.4}{\376\377\167\351\226\065\176\323\147\204}{section.3}% 10
\BOOKMARK [1][-]{section.4}{\376\377\162\151\164\006\116\016\145\160\133\146\162\171\140\047}{}% 11
\BOOKMARK [2][-]{subsection.4.1}{\376\377\162\151\164\006\141\017\116\111}{section.4}% 12
\BOOKMARK [2][-]{subsection.4.2}{\376\377\145\160\133\146\162\171\140\047}{section.4}% 13
\BOOKMARK [1][-]{section.5}{\376\377\154\102\211\343\145\271\154\325}{}% 14
\BOOKMARK [2][-]{subsection.5.1}{\376\377\166\364\143\245\211\343\154\325}{section.5}% 15
\BOOKMARK [2][-]{subsection.5.2}{\376\377\217\355\116\343\211\343\154\325}{section.5}% 16
\BOOKMARK [2][-]{subsection.5.3}{\376\377\116\244\146\377\145\271\124\021\226\220\137\017\154\325\377\010\000A\000D\000I\377\011}{section.5}% 17
\BOOKMARK [1][-]{section.6}{\376\377\217\271\165\114\147\141\116\366\131\004\164\006}{}% 18
\BOOKMARK [2][-]{subsection.6.1}{\376\377\173\054\116\214\174\173\217\271\165\114\147\141\116\366}{section.6}% 19
\BOOKMARK [2][-]{subsection.6.2}{\376\377\211\322\160\271\131\004\164\006}{section.6}% 20
\BOOKMARK [1][-]{section.7}{\376\377\172\063\133\232\140\047\122\006\147\220}{}% 21
\BOOKMARK [1][-]{section.8}{\376\377\140\073\176\323}{}% 22
